<?xml version="1.0" encoding="UTF-8"?>
<!-- Generated by org.testng.reporters.JUnitReportReporter -->
<testsuite name="mob_insurance.scripts.AgentSettingUploadFile" tests="1" time="38.073" ignored="0" failures="0" timestamp="05 Feb 2017 22:14:47 GMT" skipped="0" hostname="prateeksharma1" errors="0">
  <testcase name="AgentSettingUploadFileTest" time="38.073" classname="mob_insurance.scripts.AgentSettingUploadFile"/>
</testsuite> <!-- mob_insurance.scripts.AgentSettingUploadFile -->
